d:\v12.1\workspace_ids_in_leach\src\simulation\dsr\x64\debug\vc142.pdb
d:\v12.1\workspace_ids_in_leach\src\simulation\dsr\x64\debug\vc142.idb
d:\v12.1\workspace_ids_in_leach\src\simulation\dsr\x64\debug\sourceroute.obj
d:\v12.1\workspace_ids_in_leach\src\simulation\dsr\x64\debug\sendbuffer.obj
d:\v12.1\workspace_ids_in_leach\src\simulation\dsr\x64\debug\routerequest.obj
d:\v12.1\workspace_ids_in_leach\src\simulation\dsr\x64\debug\routereply.obj
d:\v12.1\workspace_ids_in_leach\src\simulation\dsr\x64\debug\routeerror.obj
d:\v12.1\workspace_ids_in_leach\src\simulation\dsr\x64\debug\routecache.obj
d:\v12.1\workspace_ids_in_leach\src\simulation\dsr\x64\debug\pathrater.obj
d:\v12.1\workspace_ids_in_leach\src\simulation\dsr\x64\debug\packetprocessing.obj
d:\v12.1\workspace_ids_in_leach\src\simulation\dsr\x64\debug\network_layer_ack.obj
d:\v12.1\workspace_ids_in_leach\src\simulation\dsr\x64\debug\malicious.obj
d:\v12.1\workspace_ids_in_leach\src\simulation\dsr\x64\debug\maintbuffer.obj
d:\v12.1\workspace_ids_in_leach\src\simulation\dsr\x64\debug\leach.obj
d:\v12.1\workspace_ids_in_leach\src\simulation\dsr\x64\debug\dsr.obj
d:\v12.1\workspace_ids_in_leach\src\simulation\dsr\x64\debug\checkroutefound.obj
d:\v12.1\workspace_ids_in_leach\src\simulation\lib_x64\libdsr.lib
d:\v12.1\workspace_ids_in_leach\src\simulation\lib_x64\libdsr.exp
d:\v12.1\workspace_ids_in_leach\bin\bin_x64\libdsr.dll
d:\v12.1\workspace_ids_in_leach\bin\bin_x64\dsr.pdb
d:\v12.1\workspace_ids_in_leach\src\simulation\dsr\x64\debug\dsr.tlog\cl.command.1.tlog
d:\v12.1\workspace_ids_in_leach\src\simulation\dsr\x64\debug\dsr.tlog\cl.read.1.tlog
d:\v12.1\workspace_ids_in_leach\src\simulation\dsr\x64\debug\dsr.tlog\cl.write.1.tlog
d:\v12.1\workspace_ids_in_leach\src\simulation\dsr\x64\debug\dsr.tlog\dsr.write.1u.tlog
d:\v12.1\workspace_ids_in_leach\src\simulation\dsr\x64\debug\dsr.tlog\link.command.1.tlog
d:\v12.1\workspace_ids_in_leach\src\simulation\dsr\x64\debug\dsr.tlog\link.read.1.tlog
d:\v12.1\workspace_ids_in_leach\src\simulation\dsr\x64\debug\dsr.tlog\link.write.1.tlog
