d:\v12.1\workspace_ids_in_leach\src\simulation\zigbee\x64\debug\vc142.pdb
d:\v12.1\workspace_ids_in_leach\src\simulation\zigbee\x64\debug\vc142.idb
d:\v12.1\workspace_ids_in_leach\src\simulation\zigbee\x64\debug\watchdog.obj
d:\v12.1\workspace_ids_in_leach\src\simulation\zigbee\x64\debug\unslottedcsmaca.obj
d:\v12.1\workspace_ids_in_leach\src\simulation\zigbee\x64\debug\superframe.obj
d:\v12.1\workspace_ids_in_leach\src\simulation\zigbee\x64\debug\slottedcsmaca.obj
d:\v12.1\workspace_ids_in_leach\src\simulation\zigbee\x64\debug\sinrcalculation.obj
d:\v12.1\workspace_ids_in_leach\src\simulation\zigbee\x64\debug\locatebackoffboundary.obj
d:\v12.1\workspace_ids_in_leach\src\simulation\zigbee\x64\debug\changeradiostate.obj
d:\v12.1\workspace_ids_in_leach\src\simulation\zigbee\x64\debug\cca.obj
d:\v12.1\workspace_ids_in_leach\src\simulation\zigbee\x64\debug\bercalculation.obj
d:\v12.1\workspace_ids_in_leach\src\simulation\zigbee\x64\debug\backoffcalculation.obj
d:\v12.1\workspace_ids_in_leach\src\simulation\zigbee\x64\debug\802_15_4.obj
d:\v12.1\workspace_ids_in_leach\src\simulation\zigbee\x64\debug\zigbee.tlog\cl.command.1.tlog
d:\v12.1\workspace_ids_in_leach\src\simulation\zigbee\x64\debug\zigbee.tlog\cl.read.1.tlog
d:\v12.1\workspace_ids_in_leach\src\simulation\zigbee\x64\debug\zigbee.tlog\cl.write.1.tlog
d:\v12.1\workspace_ids_in_leach\src\simulation\zigbee\x64\debug\zigbee.tlog\link.9000.read.1.tlog
d:\v12.1\workspace_ids_in_leach\src\simulation\zigbee\x64\debug\zigbee.tlog\link.9000.write.1.tlog
d:\v12.1\workspace_ids_in_leach\src\simulation\zigbee\x64\debug\zigbee.tlog\link.command.1.tlog
d:\v12.1\workspace_ids_in_leach\src\simulation\zigbee\x64\debug\zigbee.tlog\link.read.1.tlog
d:\v12.1\workspace_ids_in_leach\src\simulation\zigbee\x64\debug\zigbee.tlog\link.write.1.tlog
